<?xml version="1.0" encoding="UTF-8"?>
<testsuite name="SILab2Test" tests="1" skipped="0" failures="0" errors="0" timestamp="2021-05-29T23:17:50" hostname="DESKTOP-AOBADKK" time="0.02">
  <properties/>
  <testcase name="test7()" classname="SILab2Test" time="0.02"/>
  <system-out><![CDATA[]]></system-out>
  <system-err><![CDATA[]]></system-err>
</testsuite>
